ポーション,0,10,,60,HPを100回復,10,100,,,,,,,0,
ミドルポーション,0,12,,110,HPを300回復,10,300,,,,,,,0,
ハイポーション,0,11,,170,HPを700回復,10,700,,,,,,,0,
エクスポーション,0,12,,350,HPを1200回復,10,1200,,,,,,,0,
エリクサー,0,12,,400,HPを1500回復,10,1500,,,,,,,0,
スーパーエリクサー,0,12,,2500,HPを5000回復,10,5000,,,,,,,0,
メガエリクサー,0,12,,800,HPを1800回復,10,1800,,,,,,,0,
ギガエリクサー,0,12,,1200,HPを2400回復,10,2400,,,,,,,0,
テラエリクサー,0,12,,1800,HPを3000回復,10,3000,,,,,,,0,
タブレットα,0,12,,50,TPを30回復,36,30,,,,,,,0,
タブレットβ,0,12,,120,TPを80回復,36,80,,,,,,,0,
タブレットγ,0,12,,200,TPを120回復,36,120,,,,,,,0,
秘伝書『鳳凰』,0,12,,1000,特技『鳳凰の舞』を習得できる,51,20,,,,,,,0,
秘伝書『聖魂』,0,12,,1000,特技『リバイブ』を習得できる,52,20,,,,,,,0,
丸薬,0,12,,1000,最大TPを1上げる,37,20,,,,,,,0,
天龍丸薬,0,12,,30000,最大TPを10上げる,38,20,,,,,,,0,
神龍丸薬,0,12,,50000,最大TPを30上げる,40,20,,,,,,,0,
鬼神の秘薬,0,12,,100,各ステータスを大幅に上げる,41,20,,,,,,,0,
体力の秘薬,0,12,,100,最大HPを上げる,30,20,,,,,,,0,
力の秘薬,0,12,,100,STRを上げる,31,20,,,,,,,0,
守りの秘薬,0,12,,100,ACを上げる,32,20,,,,,,,0,
魅力の秘薬,0,12,,100,CHAを上げる,33,20,,,,,,,0,
知力の秘薬,0,12,,100,INTを上げる,34,20,,,,,,,0,
速さの秘薬,0,12,,100,AGIを上げる,35,20,,,,,,,0,
書物（下･中･下･中･上）,0,12,,10000000,HPを10000000000回復,10,10000000000,,,,,,,0,
神薬,0,12,,1000,HP･TPを全回復,39,20,,,,,,,0,
不思議な翼,0,20,,50,街へ瞬間移動,11,0,,,,,,,0,
夢の翼,0,21,,50,瞬間移動,11,87,,,,,,,0,
終の翼,0,21,,50,瞬間移動,11,114,,,,,,,0,
謎の翼,0,21,,50,瞬間移動,11,202,,,,,,,0,
白銀の翼,0,21,,50,瞬間移動,11,115,,,,,,,0,
天空の翼,0,21,,50,瞬間移動,11,127,,,,,,,0,
テストゾーンの翼,0,21,,50,瞬間移動,11,87,,,,,,,0,
王家の翼,0,21,,50,瞬間移動,11,8,,,,,,,0,
奇妙な翼,0,21,,50,瞬間移動,11,3,,,,,,,0,
輝きの翼,0,21,,50,瞬間移動,11,11,,,,,,,0,
氷の翼,0,21,,50,瞬間移動,11,19,,,,,,,0,
炎の翼,0,21,,50,瞬間移動,11,24,,,,,,,0,
最果ての翼,0,21,,30000000,瞬間移動,11,29,,,,,,,0,
偽りの翼,0,21,,100000000,瞬間移動,11,38,,,,,,,0,
旅人の服,4,1,tabi,2,AC 1,1,1,,,,,,,1,
旅人のズボン,5,1,tabi,2,AC 1,1,1,,,,,,,1,
ダガー,1,1,dagger,20,DMG 1,0,1,,,,,,,1,
こん棒,1,3,konbou,120,DMG 3,0,3,,,,,,,1,
ロッド,1,1,rod,40,DMG 2,0,2,,,,,,,1,
ロングソード,1,2,long,340,DMG 4,0,4,,,,,,,1,
スピア,1,3,spear,200,DMG 5,0,5,,,,,,,1,
なべのフタ,2,2,nabe,60,AC 2,1,2,,,,,,,1,
紫水晶の杖,2,1,crystal,50,AC 1,1,1,,,,,,,1,
三角帽子,3,1,tabi,40,AC 1,1,1,,,,,,,1,
綿のローブ,4,1,robe,150,AC 2,1,2,,,,,,,1,
サンダル,5,1,sandale,100,AC 2,1,2,,,,,,,1,
赤リストバンド,6,1,redband,70,AC 1,1,1,,,,,,,1,
レザーシールド,2,2,leather,350,AC 3,1,3,,,,,,,2,
レザーフード,3,2,leather,380,AC 2,1,2,,,,,,,2,
レザーチュニック,4,2,leather,500,AC 4,1,4,,,,,,,2,
レザーレッグス,5,2,leather,450,AC 3,1,3,,,,,,,2,
レザースリーブス,6,2,leather,400,AC 2,1,2,,,,,,,2,
ブロンズシールド,2,3,bronze,950,AC 5,1,5,,,,,,,3,
ブロンズヘルム,3,3,bronze,800,AC 4,1,4,,,,,,,3,
ブロンズチェスト,4,3,bronze,1000,AC 7,1,7,,,,,,,3,
ブロンズレッグス,5,3,bronze,900,AC 6,1,6,,,,,,,3,
ブロンズアームズ,6,3,bronze,700,AC 5,1,5,,,,,,,3,
アメジストリング,7,1,,100,STR +1,2,1,,,,,,,1,
静寂の指輪,7,1,,1500,AGI +1、CHA +1,3,1,5,1,,,,,1,
スライムリング,7,1,,20,毎ターンHP回復,9,5,,,,,,,1,
儀式の首飾り,8,1,,3350,AC 1、INT +2、SVF +1,1,1,4,2,6,1,,,1,
クラウン,3,1,crown,10,AC 1、INT +1,1,1,4,1,,,,,1,
ボーンヘルム,3,1,bone,100,AC 2、STR +2,1,2,2,2,,,,,1,
足の骨,2,1,legbone,2,DMG 1,0,1,,,,,,,1,
ブルーネックレス,8,1,,150,INT +1、SVC +1,4,1,7,1,,,,,1,
木の盾,2,1,wood,30,AC 2,1,2,,,,,,,1,
木の帽子,3,1,wood,50,AC 2,1,2,,,,,,,1,
釘バット,1,3,kugibat,150,DMG 4、STR +1,0,4,2,2,,,,,1,
熊の被り物,3,2,bear,40,AC 1、SVM +2,1,1,8,2,,,,,1,
熊の爪,1,2,bear,100,DMG 3、AGI +2,1,1,3,2,,,,,1,
毛皮のコート,4,2,kegawa,1050,AC 2、SVC +10,1,2,7,10,,,,,1,
メガネ,3,1,megane,10,AC 1、CHA +2,1,1,5,2,,,,,1,
はちまき,3,1,hatimaki,30,AC 3,1,3,,,,,,,1,
赤ローブ,4,1,akarobe,600,AC 2、AGI +1、SVF +1,1,2,3,1,6,1,,,3,
ガラスの靴,5,1,garasu,20,AC 3、CHA +4,1,3,5,5,,,,,1,
ゴブリンスキンスリーブス,6,2,goblin,120,AC 3,1,3,,,,,,,5,
小太刀,2,1,kodati,100,DMG 2、AC 1,0,2,1,1,,,,,5,
ゴブリンスキンレッグス,5,2,goblin,300,AC 5,1,5,,,,,,,5,
大刀,1,3,oogatana,500,DMG 5、稀に追加ダメージ,0,5,9,7,,,,,5,
十字架,2,1,cross,2,AC 2、SVF +2、SVC +2、SVM +4,1,2,6,2,7,2,8,4,5,
日本刀,1,3,jp,360,DMG 4、STR +3、INT +1、CHA +2,0,4,2,3,4,1,5,2,6,
ゴブリンクロウ,1,2,gobtume,200,DMG 4、AGI +3,0,4,3,3,,,,,5,
レフトゴブリンクロウ,2,2,gobtume,200,DMG 3、AGI +2、稀に追加ダメージ,0,3,3,2,9,5,,,5,
サングラス,3,1,sangurasu,40,SVF +15,6,15,,,,,,,5,
ブロードソード,1,2,long,50,DMG 3、AGI +2,3,2,0,3,,,,,5,
スネークソード,1,2,snake,100,DMG 2、STR +2、CHA +2,2,2,0,2,5,2,,,5,
呪文書,2,1,book,10,AC 2、INT +2,1,2,4,2,,,,,5,
黄ローブ,4,1,kirobe,230,AC 6,1,6,,,,,,,6,
ゴブリンアイリング,7,1,,200,AC 1、STR +1、AGI +1、稀にINTアップ,1,1,2,1,3,1,9,3,6,
花粉症マスク,3,1,kafun,6,SVF +3、SVC +3,6,3,7,3,,,,,6,
フラワーチェスト,4,3,flower,300,AC 5、SVC +3,1,5,7,3,,,,,7,
コブラフード,3,1,kobura,70,AC 4,1,4,,,,,,,7,
フラワーアームズ,6,3,flower,220,AC 3、STR +3,1,3,2,3,,,,,7,
フラワーレッグス,5,3,flower,280,AC 4、AGI +3,1,4,3,3,,,,,7,
天使の輪,3,1,angel,50,SVM +10,8,10,,,,,,,7,
スライムソード,2,1,slimesw,140,DMG 3,0,3,,,,,,,7,
金属バット,1,3,kinbat,30,DMG 5,0,5,,,,,,,7,
デビルフォーク,1,3,dfork,2,DMG 5、SVF +2、SVC +2,0,5,6,2,7,2,,,7,
マジックブレスレット,6,1,mband,350,AC 2、INT +2,1,2,4,2,,,,,7,
オーク棒,1,3,konbou,10,DMG 3、STR +3、AGI +1,0,3,3,3,4,1,,,7,
ナイトソード,1,3,kni,400,DMG 5、STR +2、AGI +1,0,5,2,2,3,1,,,7,
ゴブリンスタッフ,1,1,gobstaff,150,DMG 3、INT +2、CHA +1,1,3,4,2,5,1,,,7,
フラワーヘルム,3,3,flower,370,AC 4、毎ターンHP回復,1,4,9,6,,,,,7,
ゴブリンネックレス,8,1,,36,STR +2、INT+2,2,2,4,2,,,,,7,
ゴブリンシールド,2,2,goblin,280,AC 3、STR +1、CHA +3、SVM +2,1,3,2,1,5,3,8,2,7,
ゴールデンボール,2,1,gball,800,AC 2、SVF +4、SVC +4、SVM +4,1,2,6,4,7,4,8,4,7,
ゴブリンダガー,1,1,dagger,40,DMG 1、INT +3,0,1,4,3,,,,,7,
チェインメイル,4,2,chain,530,AC 6,1,6,,,,,,,8,
古呪文書,2,1,book,60,AGI +1、INT +2、SVF +3,3,1,4,2,6,3,,,8,
綺麗な首飾り,8,1,,170,AC 1、CHA +2、SVC +2,1,1,5,2,7,2,,,8,
クィーンケープ,4,1,gobqueen,1050,AC 3、INT +5、SVM +8,1,3,4,5,8,8,,,8,
蝶紋の盾,2,1,tyou,240,AC 1、INT +1、CHA +3,1,1,4,1,5,3,,,8,
沈黙のカップ,2,1,koppu,80,AGI +4,3,4,,,,,,,8,
ブラックアームズ,6,3,black,230,AC 7、INT +1、CHA +2、SVC +4,1,7,4,1,5,2,7,4,9,
キングスピア,1,3,kingspear,310,DMG 7、STR +3、CHA +1,0,7,2,3,5,1,,,8,
ゴブリンスキンフード,3,2,goblin,220,AC 3、STR +1、稀にSTRアップ,1,3,3,1,9,7,,,8,
斬馬刀,1,3,zanba,160,DMG 9,0,9,,,,,,,9,
ジャックナイフ,1,1,jack,220,DMG 4、AGI +2、SVF +2,0,4,3,2,6,2,,,9,
チェインレッグス,5,2,chain,480,AC 5,1,5,,,,,,,8,
裁きの鎧,4,3,sabaki,430,AC 8、SVM +5,1,8,8,5,,,,,8,
破壊の指輪,7,1,,250,STR +6,2,6,,,,,,,8,
パールネックレス,8,1,,500,CHA +2,5,2,,,,,,,8,
ゴブリンスキンチュニック,4,2,goblin,360,AC 5、CHA +2、稀にAGIアップ,1,5,9,10,5,2,,,7,
ローグナイフ,1,1,roguedag,120,DMG 4、CHA +2,5,2,0,4,,,,,7,
骨太ヘルム,3,1,bone,70,AC 3、STR +3,1,3,2,3,,,,,7,
ルーズソックス,5,1,loose,10,CHA +5,5,5,,,,,,,8,
目玉,2,1,eye,4,INT +2、SVM +4,4,2,8,4,,,,,8,
菊一文字,1,3,jp,300,DMG 10,0,10,,,,,,,10,
フレイムロッド,1,1,rod,100,DMG 2、INT +3、SVF +6,0,2,4,3,6,6,,,8,
チェイングローブ,6,2,chain,250,AC 4,1,4,,,,,,,8,
毒針,1,1,hari,80,DMG 4、AGI +1,0,4,3,1,,,,,8,
ブラックレッグス,5,3,black,310,AC 9、AGI +1、稀にHP吸収,1,9,9,4,3,1,,,9,
ターバン,3,1,taaban,170,AC 3、SVF +2、SVC +6,1,3,6,2,7,6,,,8,
デザートネックレス,8,1,,100,AC 2、SVC +3、稀にSVFアップ,1,2,9,5,7,3,,,8,
ブラックヘルム,3,3,black,350,AC 8,1,8,,,,,,,9,
チェインフード,3,2,chain,290,AC 5,1,5,,,,,,,8,
ブラックスタッフ,1,1,blastaff,200,DMG 3、AC 2,0,3,1,2,,,,,8,
カボチャランプ,2,1,pamp,40,STR　+2、SVF +3、SVM +5、毎ターンSVFアップ,8,5,6,3,2,2,9,4,8,
巻物,2,1,makimono,100,INT +4、CHA +3,4,4,5,3,,,,,9,
エナジークリスタル,2,1,crystal,500,AC 4、INT +2,1,4,4,2,,,,,9,
デッドリーソード,1,2,deadsw,350,DMG 6、STR +6,0,6,2,6,,,,,9,
断末魔の首輪,8,1,,350,AC 3、SVC +3,1,3,7,3,,,,,9,
ブラックシールド,2,3,black,350,AC 6、STR +4、SVM +2,1,6,2,4,8,2,,,9,
エレメンタルローブ,4,1,elerobe,650,AC 5、INT +3,1,5,4,3,,,,,9,
呪いのカマ,1,3,noroikama,80,DMG 7,0,7,,,,,,,9,
リッチローブ,4,1,licherobe,750,AC 7、CHA +3、SVM +7,1,5,5,3,8,7,,,9,
リッチハンド,6,1,lichehand,510,AC 4、AGI +4、INT +1,1,4,3,4,4,1,,,9,
リッチマスク,3,1,lichemask,450,AC 7,1,7,,,,,,,9,
リッチリング,7,1,,1350,AC 5、貰えるＧが1.5倍,1,5,9,20,,,,,9,
死華の指輪,7,1,,150,DMG 2、AC 2,1,2,0,2,,,,,9,
ライトプレートチェスト,4,1,lightp,320,AC 4、毎ターンHP回復,1,4,9,6,,,,,9,
ライトプレートレッグス,5,1,lightp,300,AC 3、SVF +5、SVC +5,1,3,6,5,7,5,,,9,
ライトプレートヘルム,3,1,lightp,280,AC 3、DMG 1、CHA +2,1,3,0,1,5,2,,,9,
ライトプレートグローブ,6,1,lightp,250,AC 3、AGI +5,1,3,3,5,,,,,9,
ライトプレートシールド,2,1,lightp,400,AC 4、INT +3,0,4,4,3,,,,,9,
プラズマブレード,2,2,purazuma,600,DMG 4、稀にACアップ,9,2,0,4,,,,,9,
源氏の脚鎧,5,3,genji,750,AC 6、STR +4、AGI +2,1,6,2,4,3,2,,,11,
闇雲,1,3,jp,500,DMG 11,0,11,,,,,,,11,
セーラー服,4,1,seera,40,AC 2、CHA +8,1,2,5,8,,,,,9,
呪詛の首輪,8,1,,620,SVM +18,8,18,,,,,,,9,
お札,2,1,ofuda,70,AC 1、SVF +5、SVC +5、SVM +5,1,1,6,5,7,5,8,5,10,
芝刈りカマ,1,1,sibakama,80,DMG 3、CHA +3、SVF +3,0,3,5,3,6,3,,,10,
緑ローブ,4,1,greenrobe,400,AC 5、INT +3、SVM +5,1,5,4,3,8,5,,,10,
角ヘルム,3,2,tuno,170,DMG 2、AC 4、STR +2,0,2,1,4,2,2,,,10,
蛾盾,2,1,ga,40,AC 1、STR +3、AGI +3、CHA +5,1,1,2,3,3,3,5,5,10,
グレートソード,1,3,kni,570,DMG 7、STR +4、SVF +4,0,7,2,4,6,4,,,10,
魚の骨,2,1,sakanahone,4,AGI +10,3,10,,,,,,,10,
釣り竿,1,1,turi,10,STR +8、INT +8,2,8,4,8,,,,,10,
ウロコの手袋,6,1,uroko,254,AC 4、SVC +5,1,4,7,5,,,,,10,
ミネラルマスク,3,1,mineral,70,AC 4、INT +4、SVC +8,1,4,4,4,7,8,,,10,
角笛,2,1,tunobue,124,AC 2、INT +3、SVC +5,1,2,4,3,7,5,,,10,
古代の呪文書,2,1,kodaibook,320,AC 2、INT +5、SVM +2,1,2,4,5,8,2,,,10,
クロス,2,1,cross2,124,AC 1、STR +2、INT +4、CHA +2,1,1,2,2,4,4,5,2,10,
アークメイジローブ,4,1,arkrobe,124,AC 6、AGI +3、INT +3,1,6,3,3,4,3,,,10,
源氏の腕鎧,6,3,genji,124,AC 5、SVF +1、稀に追加攻撃,1,5,9,10,6,1,,,11,
極楽鳥の羽根,2,1,gokuraku,124,AGI +6、CHA +5,3,6,5,5,,,,,10,
疾風の指輪,7,1,,124,AC 1、AGI +10,1,1,3,10,,,,,11,
エンゲイジドリング,7,1,,124,AC 3、SVC +3,1,3,7,3,,,,,11,
知性の指輪,7,1,,124,AC 1、INT +10,1,1,4,10,,,,,11,
ファイアーソード,1,2,fire,124,DMG 6、SVF +4、稀にSVFアップ,0,6,9,9,6,4,,,11,
源氏の胸鎧,4,3,genji,124,AC 2、INT +3、SVC +5,1,2,4,3,7,5,,,11,
王家のムチ,1,1,muti,124,DMG 5、AGI +3、INT +2、,0,5,3,3,4,2,,,11,
薙刀,1,3,naginata,124,DMG 7、INT +3,0,7,4,3,,,,,11,
コフィン,2,3,coffin,124,AC 5、CHA +3、SVM +5,1,5,5,3,8,5,,,11,
リングメイルレッグス,5,2,ring,124,AC 6、AGI +4、SVC +2、稀にSVCアップ,1,6,9,3,3,4,7,2,11,
源氏の兜,3,3,genji,124,AC 6、CHA +3,1,6,5,3,,,,,11,
ツタン仮面,3,2,tutan,124,AC 5、STR +1、INT +6,1,5,2,1,4,6,,,11,
紅葉樹の帽子,3,1,wood,354,AC 6、AGI +3,1,6,3,3,,,,,12,
紅葉樹の盾,2,1,wood,378,AC 7、稀にACアップ,1,7,9,5,,,,,12,
グレートスタッフ,1,1,gobstaff,420,DMG 6、INT +5,0,6,4,5,,,,,12,
ファインスチールソード,1,2,long,100,DMG 9、STR +3、AGI +4、CHA +2,0,9,2,3,3,4,5,2,12,
皆殺しの剣,1,2,zanba,400,DMG 10、STR+2,0,10,,,,,,,12,
地獄の腕輪,6,1,mband,250,AC 6、INT +3、SVM +5,1,6,4,3,8,5,,,13,
洗礼の首飾り,8,1,,840,INT +8、CHA +8、SVF +4,4,8,5,8,6,4,,,13,
アダマンタイトリング,7,1,,1100,AC 3、STR +3、稀にTP回復,1,3,2,3,9,12,,,13,
シャーマンスピア,1,3,kingspear,700,DMG 10、INT +7,0,10,4,7,,,,,13,
ダークエルフの首飾り,8,1,,800,AC 3、STR +4、AGI +4,1,3,2,4,3,4,,,13,
ダークエルフの指輪,7,1,,880,DMG 1、INT +4、CHA +6,0,1,4,4,5,6,,,13,
ミノネックレス,8,1,,124,DMG 3、AGI +3,0,3,3,3,,,,,13,
虎鉄,1,3,jp,1200,DMG 14,0,14,,,,,,,14,
マムシフード,3,1,kobura,540,AC 6、STR +3、AGI +2、毎ターンSVMアップ,1,6,2,3,4,2,9,14,14,
アクアリング,7,1,,124,AC 2、SVC +10,1,2,7,10,,,,,14,
水の羽衣,4,1,mizu,860,AC 7、CHA +3、SVC +6,1,7,5,3,7,6,,,14,
黒熊の被り物,3,1,bear2,200,AC 7、STR +2,1,7,2,2,,,,,14,
カラフルボール,2,1,ball2,460,AC 5、SVF +6、SVC +6、SVM +6,1,5,6,6,7,6,8,6,14,
ノールクロー,2,2,gobtume,200,DMG 8、SVF +4、稀に追加ダメージ,0,8,9,8,6,4,,,14,
リングメイルフード,3,2,ring,510,AC 8、STR +4,1,8,2,4,,,,,14,
リングメイルチェスト,4,2,ring,624,AC 8、INT +2、SVM +7,1,8,4,2,8,7,,,14,
リングメイルアームズ,6,2,ring,600,AC 5、AGI +3、SVC +4,1,5,3,3,7,4,,,14,
女王様のムチ,1,1,jouou,60,DMG 7、STR +6、CHA +7,0,7,2,6,5,7,,,14,
女王様の仮面,3,1,jouou,60,AC 4、CHA +8,1,4,5,8,,,,,14,
女王様の服,4,1,jouou,60,AC 6、CHA +5、SVC +3、極稀に最大HPアップ,1,6,5,5,9,10,7,3,14,
アミタイツ,5,1,ami,100,AC 6、CHA +12,1,6,5,12,,,,,14,
ウサミミバンド,3,1,usamimi,130,AC 4、CHA +18,1,4,5,18,,,,,14,
ロウソク,2,1,rousoku,124,DMG 2、CHA +8、SVF +7,0,2,5,8,6,7,,,14,
コロヘルム,3,1,koro,300,DMG 2、AC 5、SVF +2,1,5,0,2,6,2,,,15,
コロチェスト,4,1,koro,300,AC 7、CHA +2、SVC +4,1,5,5,2,7,4,,,15,
コロシールド,2,1,koro,300,AC 5、CHA +15,1,5,5,15,,,,,15,
コロアームズ,6,1,koro,300,AC 5、AGI+6、INT +1,1,5,3,6,4,1,,,15,
コロレッグス,5,1,koro,300,AC 6、SVM +5,1,5,8,5,,,,,15,
ダークソード,1,2,dark,430,DMG 9、INT +5、SVM +4,0,9,4,5,8,4,,,15,
フォレストローブ,4,1,forestrobe,124,AC 7、AGI +3、INT +4、SVC +5,1,7,3,3,4,4,7,5,15,
ブラックベアクロー,1,2,bear,250,DMG 10,0,10,,,,,,,15,
ミノスカルヘルム,3,1,minoskal,80,AC 8,1,8,,,,,,,15,
ブラッドヘルム,3,3,blood,900,AC 8、AGI +3,1,8,3,3,,,,,16,
ブラッドシールド,2,3,blood,920,AC 7、STR +4,1,7,2,4,,,,,16,
ブラッドチェスト,4,3,blood,1100,AC 10、INT +3,1,10,4,3,,,,,16,
ブラッドガントレット,6,3,blood,940,AC 8、CHA +6,1,8,5,6,,,,,16,
ブラッドレッグス,5,3,blood,1000,AC 9、稀にHP吸収,1,9,9,11,,,,,16,
コロソード,1,1,koro,300,DMG 7、STR +4、INT +4,0,7,2,4,4,4,,,16,
ライトニングナイフ,1,1,lightknife,740,DMG 7,0,7,,,,,,,16,
スカルシールド,2,2,skal,460,AC 8、CHA +5,1,8,5,5,,,,,16,
スライムローブ,4,1,slimerobe,1000,AC 7、INT +4、毎ターンHP回復,1,7,9,6,4,4,,,16,
アクアクリスタル,2,1,aquacry,520,AC 6、INT +5、SVC +5,1,6,4,5,7,5,,,16,
ブリリアントシールド,2,1,buriri,700,AC 9、INT +1,1,9,4,1,,,,,16,
オークハンマー,1,3,orkhammer,580,DMG 9、STR +8,0,9,2,8,,,,,17,
スクリームロッド,2,1,screamrod,690,DMG 4、AC 4、稀にSVFアップ,0,4,1,4,9,7,,,17,
奇跡の槍,1,2,kiseki,740,DMG 9、STR +6、CHA +4,0,9,2,6,5,4,,,17,
ウィッチドレス,4,1,wiche,1500,AC 8、INT +12、CHA +10、SVM +6,1,8,4,12,5,10,8,6,17,
白蛇のお守り,8,1,,680,STR +5、AGI +5、CHA +9,2,5,3,5,5,9,,,17,
ミニデビルリング,7,1,,500,DMG 4、SVM +3,0,4,8,3,,,,,17,
ヘルダガー,1,1,jack,520,DMG 7、INT +6、SVC +4,0,7,4,6,7,4,,,17,
リップソード,2,1,slimesw,540,DMG 9、AGI +8、稀にCHAアップ,0,9,3,8,9,8,,,17,
タラコ唇,3,1,tarako,580,AC4、INT +10、CHA +15,1,4,4,10,5,15,,,17,
ウサズボン,5,1,usa,500,AC 7、STR +2、INT +4,1,7,2,2,4,7,,,17,
ウサ服,4,1,usa,500,AC 8、AGI +2、SVC +5,1,8,3,2,7,5,,,17,
ウサフード,3,1,usa,500,AC 6、CHA +10,1,6,5,10,,,,,17,
メガトン棒,1,3,megaton,700,DMG 11、SVF +6、SVC +6,0,11,6,6,7,6,,,17,
ファルシオン,1,2,fal,800,DMG 15,0,15,,,,,,,19,
冥界の脚鎧,5,3,bronze,410,AC 7、CHA +4、SVF +5,1,7,5,4,6,5,,,18,
脇差,2,1,kodati,380,DMG 6,0,6,,,,,,,18,
サイクロプスアームズ,6,3,black,830,DMG 1、AC 7、AGI +2,0,1,1,7,3,2,,,18,
サイクロプスシールド,2,2,black,800,AC 8,1,8,,,,,,,18,
メガソード,1,2,zanba,580,DMG 9、AC 2、稀に追加ダメージ,0,9,1,2,9,8,,,18,
聖なる仮面,3,1,sei,580,AC 9,1,9,,,,,,,18,
デビルケープ,4,1,devil,640,DMG 1、AC 8、STR +5,0,1,1,8,2,5,,,18,
スノーリング,7,1,,740,AC 2、SVC +9,1,2,7,9,,,,,18,
スノーネックレス,8,1,,800,DMG 2、SVC +6,0,2,7,6,,,,,18,
氷の盾,2,1,lightp,600,AC 7、STR +2、SVC +4,1,7,2,2,7,4,,,18,
白熊の被り物,3,1,bear3,640,AC 8、STR +4、稀にSTRアップ,1,8,2,4,9,5,,,18,
アイスブレード,1,1,ice,850,DMG 8、INT +5、SVC +3,0,8,4,5,7,3,,,19,
ほうき,2,1,houki,40,DMG 2、AC 3、INT +3、SVM +4,0,2,1,3,4,3,8,4,19,
アイスクラウン,3,1,icecrown,820,AC 8、AGI +5、CHA +7,1,8,3,5,5,7,,,19,
スノークロー,1,1,gobtume,640,DMG 8、STR +6、SVC +2,0,8,2,6,7,2,,,19,
イエティスキンチェスト,4,2,yeti,940,AC 8、毎ターンSTRアップ,1,8,9,20,,,,,19,
イエティスキンレッグス,5,2,yeti,900,AC 7、STR +8,1,7,2,8,,,,,19,
イエティスキンスリーブス,6,2,yeti,850,AC 6、AGI +8,1,6,3,8,,,,,19,
イエティスキンフード,3,2,yeti,870,AC 7、INT +8,1,7,4,8,,,,,19,
アイスローブ,4,1,icerobe,640,AC 9、CHA +3、SVC +4、毎ターンSTR.SVFアップ,1,9,5,3,7,4,9,10,19,
雪だるま,2,1,yukidaruma,100,AC 4、STR +5、CHA +7、SVC +2,1,4,2,5,5,7,7,2,19,
悲劇の指輪,7,1,,1070,AC 5,1,5,,,,,,,19,
呪縛札,2,1,ofuda,870,AC 2、SVF +10、SVC +10、SVM +10,1,2,6,10,7,10,8,10,19,
兵法書,2,1,kodaibook,800,DMG 2、STR +5、毎ターンINTアップ,0,2,2,5,9,22,,,19,
刹那,1,3,jp,1150,DMG 15,0,15,,,,,,,20,
結晶の盾,2,1,kessyou,900,AC 6、INT +6、SVF +5、SVC +2,1,6,4,6,6,5,7,2,20,
脚道着,5,1,dougi,100,AC 6、STR +4、INT +3,1,6,2,4,4,3,,,20,
道着,4,1,dougi,140,AC 7、AGI +5、CHA +2,1,7,3,5,5,2,,,20,
チャイナ服,4,1,chaina,240,AC 8,1,8,,,,,,,20,
魔人の衣,4,1,majin,1100,AC 7、稀にSTRアップ.HP回復,1,7,9,13,,,,,20,
村雨,2,3,jp,1200,DMG 6,0,6,,,,,,,20,
アイスアーマーヘルム,3,3,icearmor,1000,AC 8、CHA +5、SVF +4,1,8,5,5,6,4,,,20,
古代のマスク,3,1,kodaimask,800,AC 6、STR +3、SVM +3,1,6,2,3,8,3,,,20,
ゾンビネックレス,8,1,,1220,DMG 3、AC 2、AGI +3、SVF +2,0,3,1,2,3,3,6,2,20,
古風な筆,2,1,pen,50,AC 2、INT +10,1,2,4,10,,,,,21,
牢屋の鍵,2,1,key,200,STR +4、AGI +5、INT +4、CHA +7,2,4,3,5,4,4,5,7,21,
蛇矛,1,3,jahoko,780,DMG 11、STR +5、CHA +5,0,11,2,5,5,5,,,21,
デスタークグローブ,6,1,destark,1200,AC 8、稀に追加ダメージ,1,8,9,15,,,,,21,
逆刃刀,1,2,sakaba,600,DMG 14,0,14,,,,,,,21,
シャープソード,1,2,sharp,970,DMG 10、INT +2、SVM +3,0,10,4,2,8,3,,,21,
リボン,3,1,ribon,140,AC 6、CHA +17,1,6,5,17,,,,,21,
ナイトランス,1,3,lance,1100,DMG 12、AGI +5、稀に追加ダメージ,0,12,3,5,9,10,,,21,
デーモンスキンレッグス,5,2,daemon,1060,AC 7、INT +6、SVM +3,1,7,4,6,8,3,,,21,
ブリザードナイフ,1,1,brizard,980,DMG 9、CHA +8、SVC +4,0,9,5,8,7,4,,,21,
アイスアーマーシールド,2,3,icearmor,1040,AC 8、STR +3、SVF +3,1,8,2,3,6,3,,,21,
ブリザードローブ,4,1,brizard,1250,AC 9、STR +2、INT +4、毎ターンSVCアップ,1,9,2,2,4,4,9,6,21,
新撰組の羽織,4,1,haori,300,AC 8、STR +10,1,8,2,10,,,,,21,
政宗の腕鎧,6,3,genji,1200,AC 8、STR +5,1,8,2,5,,,,,22,
政宗の脚鎧,5,3,genji,1200,AC 9、AGI +5,1,9,3,5,,,,,22,
政宗の胸鎧,4,3,genji,1200,AC 10、INT +5,1,10,4,5,,,,,22,
政宗の兜,3,3,genji,1200,AC 9、稀にTP回復,1,9,9,10,,,,,22,
即死の針,1,1,hari,600,DMG 10、AC 2、稀に敵を一撃,0,10,1,2,,,,,22,
マジシャンズロッド,2,1,screamrod,900,DMG 4、AC 4、INT +2,0,4,1,4,4,2,,,22,
汚れた目玉,2,1,eye,70,AC 2、STR +6、AGI +8、稀にCHAアップ,1,2,2,6,3,8,9,20,22,
追憶の首輪,8,1,,1500,DMG 3、AC 3、SVF +3、SVC +4,0,3,1,3,6,3,7,3,22,
アイスアーマーレッグス,5,3,icearmor,1100,AC 9、AGI +4、SVM +4,1,9,3,4,8,4,,,22,
青龍円月刀,1,3,engetu,1000,DMG 14、STR +1,0,14,2,1,,,,,22,
ミノローブ,4,1,minorobe,1300,AC 9、SVM +4、毎ターンHP回復,1,9,9,18,8,4,,,22,
カボチャヘッド,3,1,kabotya,50,AC 5、INT +8、CHA +15,1,5,4,8,5,15,,,22,
忍脚装束,5,1,sinobi,400,AC 7、AGI +2、CHA +3、稀に追加攻撃,1,8,3,2,5,3,9,6,22,
忍胸装束,4,1,sinobi,400,AC 8、STR +3、INT +5,1,9,2,3,4,5,,,22,
殺意の首輪,8,1,,1300,AC 5,1,5,,,,,,,22,
雪国の指輪,7,1,,1250,DMG 5,0,5,,,,,,,22,
雪国の杖,1,1,blastaff,840,DMG 10、INT +4、SVC +1,0,10,4,4,7,1,,,22,
デーモンスキンチュニック,4,2,daemon,1400,AC 9、稀にSVMアップ,1,9,9,9,,,,,23,
デーモンスキンスリーブス,6,2,daemon,1340,DMG 1、AC 7、INT +3,0,1,1,7,4,3,,,23,
デーモンスキンハット,3,2,daemon,1300,AC 8、STR +3,1,8,2,3,,,,,23,
デーモンスキンシールド,2,2,daemon,1400,AC 10,1,10,,,,,,,23,
雷電,1,2,jp,1400,DMG 15,0,15,,,,,,,23,
ジーパン,5,1,gpan,60,AC 7、SVF +5,1,7,6,5,,,,,23,
麦わら帽子,3,1,mugiwara,120,AC 6、INT +2、CHA +4、SVF +3,1,6,4,2,5,4,6,3,23,
忍頭巾,3,1,sinobi,400,AC 7、SVC +3,1,7,7,3,,,,,23,
ノコギリ刀,1,1,nokogiri,400,DMG 11,0,11,,,,,,,23,
キメラレッグス,5,1,kimera,1300,AC 9,1,9,,,,,,,23,
レーザーシールド,2,1,buriri,1500,AC 7、SVF +5、SVC +5、SVM +5,1,7,6,5,7,5,8,5,23,
キメラローブ,4,1,kimera,1480,AC 9、STR +2、INT +4,1,9,2,2,4,4,,,23,
キメラグローブ,6,1,lightp,1280,AC 6、INT +8,1,6,4,8,,,,,23,
コボネックレス,8,1,,1000,AGI +8、INT +7,3,8,4,7,,,,,23,
アイスアーマーアームズ,6,3,icearmor,1200,AC 8、INT +4、SVC +4,1,8,4,4,7,4,,,23,
アイスアーマーチェスト,4,3,icearmor,1500,AC 10、CHA +4、稀にSVCアップ,1,10,5,4,9,5,,,23,
隠者の指輪,7,1,,1420,STR +7、CHA +5、SVF +4,2,7,5,5,6,4,,,23,
毒きのこ,2,1,mash,90,DMG 3、AC 3、AGI +3、INT +7,0,3,1,3,3,3,4,7,24,
ハーピーの羽根,2,1,harpy,300,AGI +10、CHA +5、SVF +3,3,10,5,5,6,3,,,24,
スパナ,1,1,supana,100,DMG 8、AC 2、稀に追加ダメージ,0,8,1,2,9,3,,,24,
七星の剣,1,2,7sei,1800,DMG 11、STR +2、CHA +5,0,11,2,2,5,5,,,24,
バットマンズボン,5,1,bataman,600,AC 8、STR +4、AGI +6,1,8,2,4,3,6,,,24,
バットマン服,4,1,batman,650,AC 7、SVF +4、SVC +4、SVM +6,1,7,6,4,7,4,8,6,24,
プリンスブーツ,5,2,prince,1500,AC 8、AGI +3、INT +5,1,8,3,3,4,5,,,24,
プリンスグローブ,6,2,prince,1500,DMG 2、AC 6、CHA +3、SVF +2,0,2,1,6,5,3,6,2,24,
プリンスクロウズ,4,2,prince,1500,AC 8、STR +3、毎ターンHP回復,1,8,2,3,9,9,,,24,
エクセレントスピア,1,2,spear2,1650,DMG 12、STR +5、AGI +3,0,12,2,5,3,3,,,24,
ウィッチロッド,1,1,rod2,1200,DMG 7、INT +10,0,7,4,10,,,,,24,
ネクロマンサー,1,2,nec,1700,DMG 12、SVM +6、毎ターンHP吸収,0,12,8,6,9,7,,,24,
ホーリーランス,1,3,lance2,1800,DMG 13、STR +9,0,13,2,9,,,,,24,
アイスクィーンクラウン,3,1,wiche,1000,AC 10、INT +8、SVF +3,1,10,4,8,6,3,,,24,
アイスクィーンローブ,4,1,robe4,1800,AC 10、STR +3、INT +5、毎ターンSVCアップ,1,10,2,3,4,5,9,5,24,
ボーンアームズ,6,1,lichehand,800,AC 10,1,10,,,,,,,24,
ファイアネックレス,8,1,,1600,SVF 20,6,20,,,,,,,24,
お土産,2,1,miyage,30,AGI +5、INT +7、CHA +5,3,5,4,7,5,5,,,25,
タバコ,2,1,tabako,250,STR +8、SVF +8,2,8,6,8,,,,,25,
たいまつ,2,1,taimatu,40,DMG 5、AC 2、SVF +3、SVC +5,0,5,1,2,6,3,7,5,25,
破滅の盾,2,1,nabe,1400,AC 7、INT +5、CHA +4、SVM +3,1,7,4,5,5,4,8,3,25,
火の衣,4,1,hi,1600,AC 9、STR +6、AGI +10,1,9,2,6,3,10,,,25,
ボーンチェスト,4,1,bone,200,AC 8、STR +6、INT +6、SVM +2,1,8,2,6,4,6,8,2,25,
ソウルイーター,1,2,souleater,1650,DMG 12、STR +3,0,12,2,3,9,5,,,25,
ダークブレード,1,2,darkb,1700,DMG 12、INT +5、CHA +3,0,12,4,5,5,3,,,25,
フレイムブレード,1,3,flame,1800,DMG 13、AGI +6、SVF +3、SVC +3,0,13,3,6,6,3,7,3,25,
ソウルファイア,1,2,soulfire,1750,DMG 11 AC 5,0,11,1,5,,,,,25,
ダークアーマーヘルム,3,2,dark,1800,AC 8、AGI +5,1,8,3,5,,,,,26,
ダークアーマーグローブ,6,2,dark,1700,AC 7、稀にSVMアップ,1,7,9,11,,,,,26,
ダークアーマーチェスト,4,2,dark,1900,AC 10、STR +5,1,10,2,3,,,,,26,
ダークアーマーレッグス,5,2,dark,1850,AC 9、INT +5,1,9,4,5,,,,,26,
ダークアーマーシールド,2,2,dark,1800,AC 8、CHA +5、SVC +4,1,8,5,5,7,4,,,26,
フレイムアーマーチェスト,4,3,flame,2000,AC 11、INT +3、SVF +2,1,11,4,3,6,2,,,26,
フレイムアーマーヘルム,3,3,flame,1900,AC 9、毎ターンSVCアップ,1,9,9,30,,,,,26,
フレイムアーマーレッグス,5,3,flame,1900,AC 10、STR +8、SVC +2,1,10,2,8,7,2,,,26,
フレイムアーマーアームズ,6,3,flame,1850,AC 9、CHA +5、SVM +4,1,9,5,5,8,4,,,26,
フレイムアーマーシールド,2,3,flame,1900,DMG 3、AC 9、STR +2、INT +2,0,3,1,9,2,2,4,2,26,
黄金の首輪,8,1,,1800,STR +8、CHA +8、SVF +3,2,8,5,8,6,3,,,26,
古びた首輪,8,1,,1800,INT +8、CHA +8、SVC +3,4,8,5,8,7,3,,,26,
輝く指輪,7,1,,1700,AC 5、毎ターンHP回復,1,5,9,25,,,,,26,
でんでんリング,7,1,,1700,DMG 4、AC 4、AGI +4,0,4,1,4,3,4,,,26,
草薙,2,2,jp,1600,DMG 9,0,9,,,,,,,26,
村正,1,3,jp,1600,DMG 18,0,18,,,,,,,26,
幸福の輪,3,1,angel,1000,AC 6、INT +8、CHA +11、SVM +5,1,6,4,8,5,11,8,5,26,
ケルベロスのズボン,5,1,keru,1300,AC 8、SVF +4、SVC +4、SVM +4,1,8,6,4,7,4,8,4,26,
ケルベロスの被り物,3,1,keru,1300,AC 8、毎ターンAGIアップ,1,8,9,13,,,,,26,
ケルベロスの服,4,1,keru,1400,AC 9、STR +3、AGI +3、毎ターンAGIアップ,1,9,2,3,3,3,9,6,26,
ケルベロスの腕,6,1,keru,1200,AC 7、INT +4、CHA +2、毎ターンAGIアップ,1,7,4,4,5,2,9,7,26,
でんでん太鼓,2,1,denden,300,DMG 3、AC 6、STR +4、INT +5,0,3,1,6,2,4,4,5,26,
グレートボーンソード,1,2,boneg,1400,DMG 12、STR +10、稀にSTRアップ,0,12,2,10,9,10,,,26,
グレートボーンシールド,2,2,skal,1300,AC 6、SVF +10、SVC +10、SVM +10,1,6,6,10,7,10,8,10,26,
ゲロゲロスタッフ,1,1,gobstaff,1800,DMG 10、STR +3、INT +12、CHA +2,0,10,2,3,4,12,5,2,26,
光翼のブレスレット,6,1,wing,1600,AC 8、CHA +15、SVM +7,1,8,5,15,6,7,,,26,
アシュラの仮面,3,1,asyura,1600,AC 13、稀にAGIアップ,1,13,9,3,,,,,26,
殺意の首輪,8,1,,1900,DMG 8、AC 3,0,8,1,3,,,,,26,
崩壊の首輪,8,1,,1950,AC 5、STR +6、INT +6,1,5,2,6,4,6,,,26,
メルトダウンリング,7,1,,1850,AC 6、AGI +7、CHA +6、SVF +3,1,6,3,7,5,6,6,3,27,
メガリング,7,1,,2000,AC 5、SVC +5、SVM +5、稀に追加ダメージ,1,5,7,5,8,5,9,25,27,
月影,2,1,kodati,1600,DMG 8、AGI +3、SVF +2,0,8,3,3,6,2,,,27,
時雨,1,3,jp,1600,DMG 20,0,20,,,,,,,27,
テルテル坊主,2,1,teru,400,AC 5、CHA +5、SVF +8、SVC +8,1,5,5,5,6,8,7,8,27,
ライトセーバー,1,1,lsaver,1000,DMG 11、AGI +7、INT +6、CHA +4,0,11,3,7,4,6,5,4,27,
刃の胸鎧,4,3,yaiba,2000,DMG 5、AC 9、STR +2,0,5,1,9,2,2,,,27,
まどろみの脚鎧,5,3,flower,1900,AC 16,1,16,,,,,,,27,
ヘルアーマーレッグス,5,2,black,1900,AC 9、SVF +7、SVM +7、毎ターンSVMアップ,1,9,6,7,8,7,9,15,27,
ヘルアーマーチェスト,4,2,black,2000,AC 10、STR +7、AGI +8,1,10,2,7,3,8,,,27,
ヘルアーマーアームズ,6,2,black,1800,AC 8、STR +3、INT +7,1,8,2,3,4,7,,,27,
ヘルアーマーヘルム,3,2,black,1900,AC 9、STR +5、CHA +7,1,9,2,5,5,7,,,27,
サイバーソード,1,2,koro,2000,DMG 12、STR +3、稀に追加攻撃,0,12,2,3,9,15,,,27,
偉大なる腕輪,6,1,idai,1800,DMG 3、AC 7、INT +3、SVC +3,0,3,1,7,4,3,7,3,27,
癒しの杖,1,1,iyasi,1900,DMG 9、毎ターンHP回復,0,9,9,50,,,,,27,
神秘の衣,4,1,sinpi,2200,AC 11、INT +5、SVM +3,1,11,4,5,6,3,,,27,
真実の王冠,3,1,kodaimask,1800,AC 9、AGI +5、CHA +10,1,9,3,5,5,10,,,27,
韋駄天の靴,5,1,gpan,1000,AC 8、AGI +20,1,8,3,20,,,,,27,
聖なる脚鎧,5,3,seinaru,2100,AC 12、STR +9、SVF +3,1,12,2,9,6,3,,,28,
聖なる胸鎧,4,3,seinaru,2200,AC 13、AGI +10、SVC +3,1,13,3,10,7,3,,,28,
聖なる腕鎧,6,3,seinaru,2000,AC 11、INT +9、SVF +3,1,11,4,9,6,3,,,28,
聖なる兜,3,3,seinaru,2100,AC 12、CHA +10、SVC +3,1,12,5,10,7,3,,,28,
聖なる盾,2,3,seinaru,2000,AC 12、SVM +10、稀にHP回復,1,12,8,10,9,18,,,28,
聖なる剣,1,3,seinaru,2300,DMG 15、STR +5、AGI +5,0,15,2,5,3,5,,,28,
フェニックスソード,2,2,fenix,2000,DMG 7、STR +3、稀に追加ダメージ,0,7,2,3,9,5,,,28,
フェニックスレッグス,5,2,fenix,2000,AC 11、AGI +3、SVF +3,1,11,3,3,6,3,,,28,
フェニックスチュニック,4,2,fenix,2000,AC 12、CHA +4、SVC +3,1,12,5,4,7,3,,,28,
フェニックススリーブス,6,2,fenix,2000,AC 10、INT +3、SVM +3,1,10,4,3,8,3,,,28,
フェニックスフード,3,2,fenix,2000,AC 11、STR +3、稀にSVFアップ,1,11,2,3,9,10,,,28,
フェニックスブレード,1,2,fenix,2000,DMG 12、STR +4、AGI +4、INT +4,0,12,2,4,3,4,4,4,28,
清浄の衣,4,1,seijou,2100,AC 11、INT +2、CHA +4,1,11,4,2,5,4,,,28,
清浄の盾,2,1,seijou,2100,AC 10、INT +2、SVF +4、稀にHP回復,1,10,4,2,6,4,9,6,28,
清浄の腕輪,6,1,seijou,2100,AC 9、STR +3、INT +2、SVC +4,1,9,2,3,4,2,6,4,28,
清浄のはかま,5,1,seijou,2100,AC 10、INT +2、SVF +5,1,10,4,2,6,5,,,28,
清浄の杖,1,1,seijou,2100,DMG 11、STR +3、INT +8、CHA +3,0,9,2,3,4,8,5,3,28,
清浄の冠,3,1,seijou,2100,AC 10、AGI +4、INT +2、稀にHP回復,1,10,3,4,4,2,9,4,28,
伝説の剣,1,1,seinaru,2300,DMG 10000、STR +10000、AGI +5,0,10000,2,10000,3,5,,,28,
滅,1,2,boneg,1400,DMG 500000000、STR +500000000、HP +500000000,0,500000000,2,500000000,9,500000000,,,26,
暗黒の剣,1,1,ankoku,5000,DMG 10、STR +9,0,10,2,9,,,,,58,
暗黒の胸鎧,4,1,ankoku,2900,AC 10,1,15,,,,,,,58,
暗黒の脚鎧,5,1,ankoku,2000,AC 8,1,11,,,,,,,58,
暗黒の腕鎧,6,1,ankoku,2000,AC 7,1,10,,,,,,,58,
暗黒の兜,3,1,ankoku,2300,AC 9,1,13,,,,,,,58,
黄金の剣,1,1,ougon,100000, DMG 100、INT +20、SVM +30,0,100,4,20,,,9,500,200,
暗黒の盾,2,1,ankoku,2500,AC 9,1,9,,,,,,,58,
殺戮の剣,1,3,saturiku,4000,DMG 14、STR +14,0,14,2,14,,,,,61,
天空の首飾り,8,1,,1000,DMG 5、AC 5,0,5,1,5,,,,,62,
天空の指輪,7,1,,1000,AGI +9,3,9,,,,,,,62,
暗黒の首飾り,8,1,,7000,DMG 4、AC 8、SVM +12,0,4,1,8,8,12,,,77,
暗黒の指輪,7,1,,9500,AC 12、SVM +12,1,12,8,12,,,,,66,
シルバーウィップ,1,1,wipp,7000,STR +20、AGI +5,2,20,3,5,,,,,62,
メタルソード,1,3,metal,7000000,DMG 2110、AC 400、HP +5000,0,2110,1,400,9,5000,1350,
金の剣,1,2,kin,100000,DMG 175、STR +10、AC 20、HP +300,0,175,2,10,1,20,9,300,500,
アロセルネックレス,8,1,,9000,STR 6、AC +5、AGI +5,2,6,1,5,3,5,,,70,
汗臭いお守り,8,1,,100,DMG 500、STR 700、AC 400、HP +5000,0,500,2,700,1,400,9,5000,700,
デュランの形見,7,1,,50000,AC 700,1,700,,,,,,,700,
金の盾,2,2,kin,50000,AC 90、INT +45、SVM +80、HP +500,1,90,4,45,8,80,9,500,500,
金の兜,3,1,kin,50000,AC 100,1,100,,,,,,,500,
金の胸鎧,4,2,kin,50000,AC 300、INT +45、SVM +80、HP +1500,1,300,4,45,8,80,9,1500,500,
金の腕鎧,6,1,kin,50000,AC 80、HP +500,1,80,9,500,,,,,500,
金の脚鎧,5,1,kin,50000,AC 150、HP +1000,1,150,9,1000,,,,,500,
金の指輪,7,1,,500000,DMG 250、AC 100、HP +2000,0,250,1,100,9,2000,,,500,
金の首飾り,8,1,,500000,DMG 150、AC 150、HP +1500,0,150,1,150,9,1500,,,500,
血櫻,1,3,chizakura,7000,DMG 15、STR +3、SVM +10,0,15,2,3,8,10,,,61,
グラディウス,1,3,guradhiusu,11500,DMG 25、STR +5,0,25,2,5,,,,,72,
エンハンスソード,1,3,dhuran,16000,DMG 30,0,30,,,,,,,90,
五月雨,1,3,samidare,6000,DMG 8、AGI +20、AC +2,0,8,3,20,1,2,,,64,
疾風,1,1,sippu,7500,DMG 2、AGI +20,0,2,3,20,,,,,70,
不知火,1,2,siranui,4000,DMG 7、STR +4、SVC +20,0,7,2,4,7,20,,,55,
百鬼門,1,3,hyakkimon,11000,DMG 23,0,23,,,,,,,80,
まどろみの剣,1,2,madoromi,12000,DMG 18、STR +4、SVC +22,0,18,2,4,7,22,,,88,
曼珠沙華,1,1,manju,10000,DMG 5、AGI +20、SVC +20,0,5,3,20,7,20,,,68,
結晶の剣,1,1,kessyou,13000,DMG 12、STR +22、AC 5、SVF +20,0,12,2,22,1,5,6,20,75,
ハルユキ,1,3,haruyuki,12200,DMG 25、AC 5、AGI 11,0,25,1,5,3,11,,,94,
長巻,1,3,nagamaki,8300,DMG 2、STR +30、AGI +15,0,2,2,30,3,15,,,85,
レインボーソード,1,3,rainbow,3000000,DMG 5000、STR +2000、AC +1000、AGI +1000,0,5000,2,2000,1,1000,3,1000,3500,
闇円月,1,3,yami,13000,DMG 24、SVM +30,0,24,8,30,,,,,92,
ボルケーノ,1,3,boru,3000000,DMG 8000、STR +1600、AGI +2500,0,8000,2,1600,3,2500,,,4400,
炎獄の盾,2,2,engoku,50000,AC 2000、HP +3000,1,2000,9,3000,,,,,4200,
紅,1,2,kurenai,5000,DMG 10、STR +5、AGI +10、SVC +20,0,10,2,5,3,10,7,20,71,
なまくら,1,2,namakura,5000,DMG 100、STR +50,0,100,2,50,,,,,80,
危剣,1,1,namakura,5000,DMG -3000、STR -3000,0,-3000,2,-3000,,,,,1,
危剣Ⅱ,1,1,namakura,5000,DMG -5000、STR -5000,0,-5000,2,-5000,,,,,6000,
バグの指輪,7,1,,1000000,AC 1000,1,1000,,,,,,,3000,
レインボーリング,7,1,,1000000,AC 800、DMG 800、HP +30000,1,800,0,800,9,30000,,,3500,
レインボーネックレス,8,1,,1000000,AC 800、DMG 800、HP +50000,1,800,0,800,9,50000,,,3500,
幻の剣,1,3,maborosi,2800000,DMG 2500、STR +1500、AGI +3000,0,2500,2,1500,3,3000,,,2500,
鎌鼬,1,2,kamaitati,11000,DMG 8、STR +10、AGI +32,0,8,2,10,3,32,,,89,
果物ナイフ（定価280G）,1,1,kudamono,280,DMG 5、STR +5、AGI +5,0,5,2,5,1,5,3,5,40,
クリスリング,7,1,,6890,DMG 8、STR +10、AC 6、AGI +10,0,8,2,10,1,6,3,10,90,
次元斬,1,2,zigen,20000,DMG 23、STR +19、AGI +3,0,23,2,19,3,3,,,93,
ビームソード,1,2,bimu,2800000,DMG 4000、STR +1200、AGI +20000,0,4000,2,1200,3,2000,2900,
界王神の指輪,7,1,,10000000,HP +300000,,,,,9,300000,,,2500,
魔人の指輪,7,1,,1000,STR +44,2,44,,,,,,,91,
ドワーフリング,7,1,,2000,STR +22,2,22,,,,,,,66,
影縫,2,1,kage,2000,DMG 20,0,20,,,,,,,86,
ハイパースタンガン,2,1,stan,200,DMG 12、AGI +20、CHA +11,0,12,3,20,5,11,,,90,
鬼丸,2,1,oni,3000000,DMG 5000、STR +4500、HP +300000,0,5000,2,4500,9,300000,,,4500,
地獄丸,2,1,zigokumaru,4000000,DMG 7000、STR +6000、HP +200000,0,7000,2,6000,9,200000,,,5500,
爆弾,2,1,daina,3000,DMG 1、STR +1、CHA +30、INT +40,0,1,2,1,5,30,4,40,77,
ノイズヘルム,3,3,noizu,15000,AC 13、STR 13,1,13,2,13,,,,,90,
セルゲイの角兜,3,3,serugeinu,9500,AC 8、STR +11,1,8,2,11,,,,,84,
地獄の爪,2,1,zigoku,100,DMG 18、AGI +6,0,18,3,6,,,,,84,
青龍の足袋,5,1,seiryuu,12000,AC 15,1,15,,,,,,,79,
天女の衣,4,1,tennyo,16000,AC 10、CHA +10、INT +12,1,10,5,10,4,12,,,83,
悪魔の衣,4,1,akuma,200,AC 9、SVM +60,1,9,8,60,,,,,90,
白虎服,4,1,haku,16000,AC 19、STR +8、AGI +16,1,19,2,8,3,16,,,92,
悪魔の冠,3,1,akuma,1800000,AC 1200、AGI +2000、CHA +500,1,1200,3,2000,5,500,,,3000,
魔剣ラグナロク,1,3,raguna,100,DMG 80、STR +50、AGI +50、SVM +50,0,50,2,30,3,30,8,30,100,
ラグナロク（左手用）,2,3,raguna,10000000000000,DMG 50000、STR +30000、AC +5000、AGI +3000,0,50000,2,30000,1,5000,3,3000,5000,
サンタクロースの服,4,1,santa,2000,AC 37、CHA +30,1,37,5,30,,,,,100,
サンタクロースの手袋,6,1,santa,1500,AC 28、CHA +30,1,28,5,30,,,,,100,
サンタクロースの脚服,5,1,santa,2000,AC 28、CHA +30,1,28,5,30,,,,,100,
サンタクロースの帽子,3,1,santa,1800,AC 23、CHA +30,1,23,5,30,,,,,100,
サンタクロースの袋,2,1,santa,1000,AC 12、CHA +30,1,12,5,30,,,,,100,
サンタクロースのプレゼント,1,1,santa,1000,AC 22、CHA +30,1,22,5,30,,,,,90,
クリスマスツリーブレード,1,1,xmas,100,DMG 100、CHA +50,0,100,5,50,,,,,82,
クリスマスケーキ,2,1,xmas,1000,AC 30、CHA +50,1,30,5,50,,,,,90,
サインポールソード,1,1,sain,1000,DMG 120、CHA +10,0,120,5,10,,,,,95,
悪魔の指輪,7,1,,10000000,DMG 6666,0,6666,,,,,,,4500,
サンタクロースの指輪,7,1,,1500,AC 35、CHA +25,1,35,5,25,,,,,95,
サンタクロースの首飾り,8,1,,1500,AC 33、CHA +27,1,33,5,27,,,,,95,
闇の指輪,7,1,,12000,SVC +20、SVF +20、SVM +20,7,20,6,20,8,20,,,88,
悪魔の首飾り,8,1,,10000000,AC 1111,1,1111,,,,,,,4500,
闇の首飾り,8,1,,10000000,AC 555、INT +555,1,555,4,555,,,,,4500,
危剣Ⅲ,1,1,namakura,5000,DMG -10000、STR -10000,0,-10000,2,-10000,,,,,8000,
オーロラネックレス,8,1,,1500,AC 66,1,66,,,,,,,100,
オーロラリング,7,1,,1500,AC 70,1,70,,,,,,,100,
地獄の杖,1,1,zigokutue,28000000,DMG 39000、HP +10000000,0,39000,9,10000000,,,,,6000,
英雄のズボン,5,1,ff8,2000000,AC 7000、CHA +5000,1,7000,5,5000,,,,,10000,
英雄の服,4,1,ff8,2000000,AC 10000、CHA +5000,1,10000,5,5000,,,,,10000,
英雄の手袋,6,1,ff8,1500000,AC 5500、CHA +5300,1,5500,5,5300,,,,,10000,
英雄のカツラ,3,1,ff8,1500000,AC 6000、CHA +10500,1,6000,5,10500,,,,,10000,
ガンブレード,1,1,ff8,280,DMG 95000、STR +110000,0,95000,2,11000,,,,,10000,
サッカーユニフォームジャパン,4,1,soccer,2000000,AC 6000、AGI +8000,1,6000,3,8000,,,,,10000,
ナカータシューズ,5,1,soccer,2000000,AC 9500、AGI +8500,1,9500,3,8500,,,,,10000,
ヂャイアンツユニフォーム,4,1,giants,2000000,AC 7000、AGI +89,1,7000,3,89,,,,,10000,
ヂャイアンツスパイク,5,1,giants,2000000,AC 8900、AGI +89,1,9500,3,89,,,,,10000,
ヂャイアンツメット,3,1,giants,2000000,AC 9300、AGI +89,1,9300,3,89,,,,,10000,
サッカーボール,2,1,soccer,1000000,STR 73000、AGI +3000,2,73000,3,3000,,,,,10500,
スーパーグローブ,2,1,globe,1000000,AC 10000、AGI +4000,1,10000,3,4000,,,,,10500,
レッドカード,2,1,red,1000000,INT +4444,4,4444,,,,,,,10500,
イエローカード,2,1,yellow,1000000,INT +3333、CHA +3333,4,3333,5,3333,,,,,10500,
ゴジラの指輪,7,1,,15000000,STR 15000,2,15000,,,,,,,12000,
ゴジラの首飾り,8,1,,15000000,STR 17000,2,17000,,,,,,,12000,
ファンタジスタリング,7,1,,15000000,STR 12000、AGI +12000,2,15000,3,12000,,,,,12000,
ファンタジスタの首飾り,8,1,,15000000,STR 11500、AGI +13000,2,11500,3,13000,,,,,12000,
ゴジラバット,1,1,kinbat,280,DMG 100000、STR +80000,0,100000,2,80000,,,,,13000,
危剣Ⅳ,1,1,namakura,5000,DMG -30000、STR -30000,0,-30000,2,-30000,,,,,12500,
英雄の指輪,7,1,,15000000,STR 10000、AC 3000,2,10000,1,3000,,,,,10000,
英雄の首飾り,8,1,,15000000,STR 9800、AC 2800,2,9800,1,2800,,,,,10000,
先行者の腕,6,1,senkousya,1500000,DMG 20000、STR +20000、AC 2000、CHA +500,0,20000,2,20000,1,2000,5,500,10000,
先行者の頭,3,1,senkousya,1500000,AC 12000、CHA +500,1,12000,5,500,,,,,10000,
中華キャノン,5,1,senkousya,1500000,DMG 100000、AC 3000,0,100000,1,3000,,,,,10000,
先行者の胴体,4,1,senkousya,1500000,AC 15000、CHA +500,1,15000,5,500,,,5,500,10000,
復活の指輪,7,1,,200,一度死んでもHP半分で復活する《壊》,,,,,,,,,10,
息吹の指輪,7,1,,300,一度死んでもHP全快で復活する《壊》,,,,,,,,,10,
命の指輪,7,1,,400,一度死んでもHP.TP全快で復活する《壊》,,,,,,,,,10,
ラックリング,7,1,,6000,福引券の獲得率アップ,,,,,,,,,10,
チャクラリング,7,1,,6000,戦闘終了後HP10％回復,,,,,,,,,30,
ハイチャクラリング,7,1,,8000,戦闘終了後HP20％回復,,,,,,,,,30,
ゴールドカバーリング,7,1,,6000,死亡時にGoldが減らない,,,,,,,,,50,
ペットカバーリング,7,1,,6000,死亡時にペットが逃げない,,,,,,,,,60,
ダブルアタックリング,7,1,,10000,攻撃が連続攻撃になる,,,,,,,,,60,
スキップリング,7,1,,1000,1度の戦闘で規定戦闘数が2減る,,,,,,,,,18,
快心剣,1,2,has,3100,DMG 18、STR +10,2,10,0,18,,,,,50,
キャパシティリング,7,1,,7000,レベルアップ時のCPを30％UP,,,,,,,,,50,
マーメイドリング,7,1,,20000,獲得EXPを1.3倍にする,,,,,,,,,50,
エラー発生,,,,エラー、管理人に問い合わせてください,,,,,,,,,