1/1,スライム,slime,1,350,8,3,
1/2,木のオバケ,tree,3,300,16,6,
1/3,ピンクル,pinkl,6,200,13,50,
1/4,目玉星人,medama,4,250,12,5,
1/5,グリーンスライム,greens,7,210,13,7,
1/6,しずく,sizuku,5,300,2,10,
1/7,くちびる野郎,kutibiru,6,250,11,6,
1/8,スフィア,sphere,5,300,3,11,
1/9,ハートちゃん,haato,5,170,8,15,
1/10,極悪蝶,tyou,8,270,9,7,
1/11,魔魚,magyo,11,260,10,11,
1/12,闇チューリップ,hana,7,270,10,7,
1/13,リップ,kutibiru2,12,300,13,22,
1/14,蛾,ga,10,250,12,12,
1/15,プッペ,puku2,8,520,13,7,
1/16,オヤジスライム,oyajis,9,250,8,10,
1/17,トッピー,toppy,13,280,16,26,
1/18,巨大ミミズ,mimizu,9,310,11,9,
1/19,目玉星人ナイト,medama2,11,330,10,10,
1/20,プッコロ,koro1,14,320,16,32,
1/21,毒きのこ,mash2,12,400,10,11,
1/22,死臭華,sisyuubana,10,240,14,6,
1/23,ペッコロ,koro2,14,320,9,13,
1/24,シュン,ponpy,13,300,11,11,
1/25,ポッコロ,koro3,14,320,8,10,
1/26,エビルリップ,evilrippu,16,310,11,14,
1/27,紅葉樹魔,redtree,12,220,9,11,
1/28,ウサフード,usa,17,250,13,21,
1/29,コールドスライム,colds,18,300,2,28,
1/30,カマカマ,kama2,16,370,16,25,
1/31,物体X,x,14,180,13,13,
1/32,羽根スライム,slimewing,16,310,8,11,
1/33,雪だるま,yukidaruma,18,240,8,12,
1/34,きのこん,mash2,23,250,13,25,
1/35,氷結魔華,hanaice,19,260,12,14,
1/36,ダッシュマン,toppy2,17,380,11,15,
1/36,マンイーター,mimizu2,20,350,16,46,
1/37,死招き鳥,tori,22,270,13,15,
1/37,リッペスト,kutibiru3,25,300,12,14,
1/38,アングリー目玉星人,angry,20,330,14,11,
1/39,じゅるじゅる,gero2,18,420,11,13,
1/39,アイオブアイズ,eyeofeyes,25,290,2,50,
1/40,冷たい心,haato2,23,300,2,43,
1/40,パパ,papa,25,280,11,15,
1/41,ぷくぷく,puku,28,330,12,17,
1/42,コロポックル,koropokkuru,23,300,2,35,
1/43,火スライム,fires,26,300,8,13,
1/44,でんでん,denden,27,330,12,16,
1/45,サクラ,sakura,23,500,8,3,
1/46,火男,fireman,26,320,1,50,
1/47,ゲロッパ,gero,27,290,13,17,
1/48,カマキリン,kama,28,260,10,18,
1/49,護衛ロボット,robot,24,300,9,14,
1/50,魔界の炎,fireman2,27,340,1,55,
1/50,メタルスライム,metal,20,300,8,45,
1/50,ゴールデンスライム,goldslime,64,200,6,11,
1/50,冒険者,boukensya,70,300,1,67,
1/50,ゴールデンスライム・改,goldslime,70,220,6,11,
1/50,アルフス,aruhusu,81,190,8,50,
1/50,オリアス,oriasu,80,300,1,60,
1/50,ヴァプラ,vapura,78,250,1,55,
1/50,ヴァッサゴ,vassago,85,310,2,65,
1/50,ガルガリン,garugarin,80,210,1,70,
1/50,天空の使者,tenkuu,70,300,16,65,
1/50,ガーゴイル,gagoil,75,260,3,61,
1/50,レラージュ,rerazyu,73,80,16,100,
1/51,ケットシー,ketto,75,500,5,20,
1/52,レッサードラゴン,ressadoragon,100,440,1,80,
1/53,ウィッチ,wich,100,320,10,50,
1/54,デュラン,dhuran,50,800,15,0,
1/55,シルバーファング,silver,80,300,5,62,
1/56,スーパーゴールデンスライム,kinslime,180,100,6,15,
1/57,アント,ant,60,100,16,80,
1/58,オークジェリー,o-kuzyeri,60,100,16,350,
1/59,ホーネット,honet,65,340,16,22,
1/60,ゴールデンマミー,kinmummy,80,60,6,40,
1/61,アンパンメン,anpan,58,220,16,20,
1/62,ミュル,myuru,70,198,16,80,
1/63,マリウス,mariusu,70,220,5,72,
1/64,ベリアル,beriaru,73,250,16,75,
1/65,ロノウェ,ronowe,75,300,16,65,
1/66,デュランLv.80,dhuran,80,350,16,140,
1/67,ハウルス,haurusu,76,300,16,76,
1/68,ブネ,bune,77,322,12,15,
1/69,オセ,ose,73,500,11,10,
1/70,ベリス,berisu,78,288,9,30,
1/71,ハゲンチ,hagenti,78,400,1,40,
1/72,パイモン,paimon,80,333,3,68,
1/73,ビフロンス,bihuronsu,79,350,9,15,
1/74,アイボールダディ,aiborudadhi,73,340,13,20,
1/75,アモン,amon,74,300,16,55,
1/76,アンドラス,andorasu,73,500,6,3,
1/77,暗黒司祭,ankokusisai,75,150,3,110,
1/78,バラム,baramu,76,300,10,30,
1/79,バルバトス,barubatosu,75,320,1,50,
1/80,ダルタニアンバット,batto,75,400,3,20,
1/81,バジリスク,bazirisuku,78,240,5,52,
1/82,便器魔人,benkimazin,77,320,8,45,
1/83,ブラックスライム,blackslime,78,465,3,60,
1/84,ブラウニー,burauni,79,240,16,75,
1/85,ダンダリアン,dandarian,78,400,0,35,
1/86,デッドベア,deddobea,77,340,10,30,
1/87,デッドラット,deddoratto,80,442,3,35,
1/88,デスハーピー,desuha-pi-,80,380,13,32,
1/89,ディルド,dhirudo,79,323,5,37,
1/90,ドラグーン,doragoon,82,333,1,100,
1/91,ドラオウもん,doraoumon,80,348,9,30,
1/92,洞窟ゴーレム,doukutugoremu,81,200,0,120,
1/93,エリゴル,erigoru,82,290,0,85,
1/94,エルギアコボルト,erugiakoboruto,83,300,3,68,
1/95,エスノア,esunoa,80,460,4,50,
1/96,フェネクス,fenekusu,83,411,1,61,
1/97,ガーゴイル,gagoiru,83,352,11,30,
1/98,ガープ,ga-pu,81,282,2,125,
1/99,ガスクラウド,gasclowd,82,300,3,84,
1/100,ゴブリンロード,goburinro-do,82,311,5,77,
1/101,ゴブリンシャーマン,goburinsya,85,235,8,100,
1/102,ドラミもん,gorami,83,350,10,50,
1/103,ゴースト,gost,82,322,12,40,
1/104,グラシャラボラス,gurasyaraborasu,82,200,5,111,
1/105,グレモリー,guremori-,83,380,16,68,
1/106,グレムリンゾンビ,guremurinzonbi,84,480,13,45,
1/107,ザガン,zagan,85,400,16,70,
1/108,ザントマン,zantoman,88,444,9,20,
1/109,ゼパール,zepa-ru,87,355,0,98,

2/1,ゴブリン,gob,4,240,16,9,
2/2,ゴブリンナイト,gobkni,5,200,16,11,
2/3,ゴブリンアサシン,gobass,6,300,3,14,
2/4,オーク,ork,6,100,1,23,
2/5,ウルフィー,wolfy,7,200,4,16,
2/6,ゴブリンガード,gobguard,8,250,9,8,
2/7,ゴブリンメイジ,gobmage,7,250,5,16,
2/8,光ゴブちん,gob2,6,220,8,11,
2/9,ノール,gnoll,8,230,16,17,
2/10,ミニデビル,minidevil,8,295,5,15,
2/11,ゴブリンクィーン,gobqueen,10,200,4,16,
2/12,オークポーン,orkporn,9,340,16,17,
2/13,砂魔人,sunamajin,10,270,6,12,
2/14,ケラケラかぼちゃ,pampkin3,8,340,14,10,
2/15,ゴブリンキング,gobking,12,350,16,23,
2/16,ノールレンジャー,gnoll2,13,370,16,24,
2/17,さかなマン,sakanaman,12,290,2,20,
2/18,ミノタウロス,mino,10,300,16,20,
2/19,パンプキンマン,pampkin,10,180,6,10,
2/20,怒りんぼオーク,ork2,9,280,4,21,
2/20,サンドジャイアント,sg,10,90,16,42,
2/21,コボルト,koboruto,15,400,6,20,
2/22,コボルトシャーマン,koboruto2,16,250,5,26,
2/23,オークロック,orkrock,13,210,16,26,
2/24,イカれた牛男,mino4,12,400,5,28,
2/24,ダークエルフ,darkelf,16,270,5,37,
2/25,アクアゴブリン,gobmori,15,240,2,27,
2/26,コボルトウィザード,koboruto3,17,210,4,32,
2/26,フォレストジャイアント,fg,18,120,1,50,
2/27,ミノリベンジャー,mino2,14,300,16,27,
2/28,ハンド,hand,13,270,13,10,
2/29,イエティ,yeti,18,320,10,13,
2/30,ミニ悪魔,minidevil2,17,240,5,31,
2/31,半魚人,sakanaman2,15,370,2,30,
2/31,ツタンカーメン,tutan,15,320,4,28,
2/32,スノーノール,gnoll3,19,330,2,38,
2/33,ビッグフット,yeti2,21,350,16,42,
2/34,スノーゴブリン,gobsnow,19,300,2,34,
2/35,雪ん子,pinkl2,23,270,2,43,
2/35,ヘルハンド,hand2,18,270,4,30,
2/36,スネークマン,snakeman,17,280,12,15,
2/36,サイクロプス,cyc,19,200,16,47,
2/37,ミニデーモン,minidevil3,20,240,10,16,
2/37,オークロード,orklord,22,320,16,40,
2/38,氷魔人,sunamajin2,20,280,11,15,
2/39,はぐれコボルト,koboruto4,23,340,16,46,
2/40,ハロウィー,pampkin2,22,300,6,30,
2/41,金塊魔人,sunamajin3,20,150,6,100,
2/41,デスターク,snakeman2,23,300,2,37,
2/42,コウモリ男,batman,24,220,4,43,
2/42,ダイナ王子,ouji,25,250,14,11,
2/43,ミノマジシャン,mino3,22,230,5,40,
2/44,青鬼,oni,27,270,2,50,
2/45,ハーピー,harpy2,24,260,10,16,
2/45,ダイナ女王,jouou,27,330,5,54,
2/46,赤鬼,oni2,27,270,1,50,
2/47,ろくろ首,rokuro,27,300,11,16,
2/48,アシュラ像,asyura,28,270,5,56,
2/49,ミニアークデーモン,minidevil4,27,250,5,54,
2/50,ゴーレム,golem,29,280,16,60,
2/50,ブラッドエルフ,belf,62,290,11,10,
2/50,デスコブラ,bmamusi,61,250,3,58,
2/50,アグニ,aguni,65,210,12,30,
2/50,冒険者２,boukensya2,65,290,16,53,
2/50,イポス,iposu,64,190,9,33,
2/50,アロセル,aroseru,65,200,10,33,
2/50,ヴァラック,varakku,68,280,13,26,
2/50,ベルゼブブ,beruze,67,300,3,55,
2/50,ケルプ,kerupu,67,320,14,45,
2/50,アイボール,aiboru,66,240,13,50,
2/50,レッドヘルム,redhelm,69,250,4,55,
2/50,グリフォン,gurifon,68,330,10,44,
2/51,天の門番,ten,68,130,8,70,
2/52,死招き猫,simanekineko,68,310,3,44,
2/53,ウルフ,ulf,69,220,10,60,
2/54,レイブン,reibun,70,250,12,42,
2/55,ヴァンパイア,banpai,71,370,11,37,
2/56,ゴールデンゴブリン,kingob,70,150,6,10,
2/57,スケルトンキング,sukerutonking,73,285,3,64,
2/58,トロル,tororu,74,110,16,120,
2/59,レッドキャップ,redcap,75,310,1,70,
2/60,ゴールデントッピー,kintoppy,76,200,6,8,
2/61,ルフ,ruhu,74,100,8,150,
2/62,アスモ,asumo,75,310,10,24,
2/63,シトリー,sitori-,76,404,11,20,
2/64,ボティス,bothisu,77,270,13,32,
2/65,バアル,baaru,77,321,6,18,
2/66,ギャグターミネーター,gyagut,120,600,3,200,
2/67,フォルネウス,foruneusu,76,300,9,27,
2/68,マルバス,marubasu,78,190,1,113,
2/69,マルコキアス,marukokiasu,79,245,12,23,
2/70,ベレス,beresu,80,300,9,27,
2/71,プルソン,puruson,79,380,6,12,
2/72,シメイス,simeisu,80,390,2,80,
2/73,グシオン,gusion,81,350,16,66,
2/74,灰色小人,haiiro,81,308,5,75,
2/75,ハルファス,harufasu,82,244,0,115,
2/76,ヒドラ,hidora,83,348,1,90,
2/77,放浪者,hourousya,84,300,16,77,
2/78,放浪者２,hourousya2,84,300,1,77,
2/79,放浪者３,hourousya3,84,300,2,77,
2/80,放浪者４,hourousya4,84,300,3,77,
2/81,放浪者５,hourousya5,84,300,5,77,
2/82,フュル,huyuru,85,415,12,40,
2/83,浮遊魔魚,huyuumagyo,83,310,14,20,
2/84,浮遊死魚,huyuusigyo,83,310,3,79,
2/85,イポス・改,iposukai,85,332,16,68,
2/86,カイム,kaimu,86,344,0,70,
2/87,鎌鼬・壱,kamaitati1,86,400,16,60,
2/88,鎌鼬・弐,kamaitati2,86,380,16,65,
2/89,鎌鼬・参,kamaitati3,86,360,16,70,
2/90,カトブレパス,katoburepasu,87,313,9,40,
2/91,ケルピー,kerupi,86,310,11,35,
2/92,コカトリス,kokatorisu,87,400,9,39,
2/93,小僧河童,kozoukappa,88,355,2,77,
2/94,クーベラ,ku-bera,87,320,13,30,
2/95,アースクラーケン,kuraken,87,380,2,65,
2/96,クロセル,kuroseru,88,310,3,68,
2/97,マッドクリーチャー,maddokuri-tya,89,300,3,80,
2/98,マンティコア,manthikoa,90,340,1,65,
2/99,マンティス,manthisu,90,311,1,69,
2/100,マントラップ,mantorappu,89,295,14,45,
2/101,メデューサ,medhusa,90,330,13,44,
2/102,ミミック,mimic,91,418,11,40,
2/103,ミノタウロス・改,minotaurosu,92,305,16,130,
2/104,ヴァルナ,varuna,91,333,10,50,
2/105,ヴァーユ,vayu,93,350,5,103,
2/106,ヴィネア,vinea,92,270,12,50,
2/107,ウェパル,weparu,93,288,9,50,
2/108,ザエボス,zaebosu,94,310,1,130,
2/109,ジンハーピー,zinha-pi-,86,311,3,100,

3/1,スケルトン,skel,2,330,16,5,
3/2,魔カラス,karasu,2,280,11,5,
3/3,森のくまさん,bear,5,250,10,5,
3/4,かたつん,denden2,3,450,13,8,
3/5,ミイラ男,miira,4,235,16,8,
3/6,コブラ,kobura,5,300,16,12,
3/7,スケルトンローグ,skerogue,9,240,1,15,
3/8,人魂,hitodama,6,210,4,9,
3/9,ママさんゾンビ,zombie5,5,390,16,10,
3/10,ゾンビ,zombie,7,240,16,15,
3/11,邪ソード,sword,7,310,10,8,
3/12,デッドリーボーン,deadbone,9,250,3,17,
3/13,ゴブリンペット,gobpet,8,210,8,11,
3/14,サソリ,scorpion,7,240,9,10,
3/15,クマフード,tora2,8,360,8,12,
3/16,ハイエナ,haiena,8,300,6,6,
3/17,グール,ghoul,10,250,16,20,
3/18,怨霊,onryou,10,230,3,19,
3/18,ユニコーン,uni,12,800,8,5,
3/19,マミー,mummy,8,280,1,18,
3/20,スケルトンチャンプ,skechamp,11,290,4,19,
3/21,ニワトリ,karasu2,10,320,11,20,
3/21,リッチ,liche,17,400,3,35,
3/22,極楽鳥,akatori,11,350,12,10,
3/23,ジャイアントスケルトン,skegiant,12,110,16,38,
3/24,王家のミイラ,oukemiira,12,230,8,9,
3/25,マムシ,mamusi,15,330,16,30,
3/26,鋼サソリ,scorpion3,13,500,9,12,
3/27,リビングデッド,zombie3,16,330,3,30,
3/28,スケルトンアークメイジ,skeark,12,300,5,24,
3/29,暴れる短剣,sword2,16,300,10,14,
3/30,燃える死体,moeruzombie,11,280,1,22,
3/30,ペガサス,uni2,16,600,1,30,
3/31,アイススネーク,snake2,19,240,2,35,
3/32,いぬの介,haiena3,15,420,16,28,
3/33,囚人ゾンビ,zombie4,21,280,16,38,
3/34,月の輪熊,waguma,16,280,10,12,
3/35,鬼サソリ,scorpion2,21,220,9,16,
3/36,グレーターボーン,skegiant2,27,310,16,55,
3/37,ぎょぎょちゃん,magyo2,18,350,2,30,
3/38,しろくま,bear3,20,305,11,14,
3/39,エンシェントボーン,skeark2,20,360,5,40,
3/40,ゴールデンスケルトン,ske2,20,310,3,30,
3/41,ハリネズミ,haiena2,20,315,16,39,
3/42,包帯巻ェ門,miira2,21,370,1,52,
3/43,氷塊霊魂,hitodama2,21,200,4,37,
3/44,ボスマミー,mummy2,21,200,1,39,
3/44,キメラ,kimera,26,250,5,50,
3/45,キングボーン,ske4,25,290,1,49,
3/46,トラフード,tora,24,330,8,22,
3/47,ケルベロス,keru,28,340,1,53,
3/48,ゾンビノール,gnoll4,27,300,16,57,
3/49,フェニックス,harpy3,29,310,1,57,
3/49,ミニリッチ,lichem,32,600,3,84,
3/50,スペクター,liche2,29,330,3,56,
3/50,バグターミネーター,bagut,85,250,3,60,
3/50,ヘルオーク,orkb,55,360,11,20,
3/50,アイム,aimu,60,280,12,25,
3/50,レッサーデーモン,ressa,63,300,10,23,
3/50,シアス,siasu,61,280,5,51,
3/50,アスタロト,asutaroto,63,250,14,15,
3/50,アミー,ammy,64,200,8,26,
3/50,モロク,moroku,63,280,3,68,
3/50,アラストール,arasutoru,65,240,3,60,
3/50,スナッチ,sunatti,64,310,3,65,
3/50,アハイシュケ,ahai,66,270,12,70,
3/50,クレイゴーレム,kurei,67,290,3,62,
3/51,デュラハン,dyura,68,330,16,59,
3/52,グリズリー,gurizuri,67,300,16,64,
3/53,ゴブリンゴッド,goburin,66,380,4,50,
3/54,キマイラ,kimaira,69,290,9,21,
3/55,インフェルノ,inferuno,68,350,1,58,
3/56,ゴールデンミニリッチ,miniri,70,800,6,5,
3/57,ウルトラメン,urutora,67,315,5,49,
3/58,バイパー,baipar,69,255,3,58,
3/59,フォレストワーム,woom,70,200,5,70,
3/60,ダークロード,darkroad,71,300,3,65,
3/61,グレムリン,guremurin,72,320,9,29,
3/62,ラウム,raumu,72,318,16,69,
3/63,ヤマ,yama,71,300,14,24,
3/64,ムーブスター,star,75,600,8,20,
3/65,髪斬抜刀斎,indora,73,444,5,44,
3/66,マラクス,marakusu,74,410,16,67,
3/67,フルカス,hurukasu,75,340,10,35,
3/68,ブエル,bueru,76,480,11,31,
3/69,フォーカロル,fokaroru,75,420,12,39,
3/70,フォーラス,forasu,77,310,16,90,
3/71,サロス,sarosu,77,340,3,82,
3/72,オロバス,orobasu,76,246,6,16,
3/73,ナベリウス,naberiusu,78,277,3,101,
3/74,ナイトメア,naitomea,80,180,3,125,
3/75,ノッカー,nokka-,79,290,12,48,
3/76,地底ノーム,no-mu,79,315,4,75,
3/77,スーパーオーガ,oga,83,180,16,150,
3/78,オニオンナイト,onion,80,450,16,54,
3/79,大河童,oogappa,81,288,2,100,
3/80,パペットマン,papettoman,81,300,14,45,
3/81,ピクシー,pikusi,83,750,8,30,
3/82,ラミア,ramia,82,325,13,55,
3/83,レプラコーン,repurakon,84,389,3,85,
3/84,リリス,ririsu,86,550,8,50,
3/85,ルシア,rusia,85,420,1,80,
3/86,サブナック,sabunakku,86,321,12,65,
3/87,グリーンサイクロプス,saikuropusug,87,180,0,165,
3/88,サミジーナ,samizi-na,88,247,9,46,
3/89,サーペント,sapento,87,260,13,55,
3/90,サラマンダー,saramanda-,87,280,1,130,
3/91,セエレ,seere,88,300,14,50,
3/92,シムラグ,simurugu,89,315,11,45,
3/93,シルフ,siruhu,90,280,5,115,
3/94,ソーマ,so-ma,91,310,10,56,
3/95,スフィンクス,sufinkusu,91,305,1,100,
3/96,スコーピオン,suko-pion,92,408,1,92,
3/97,スキュラ,sukyura,90,325,3,90,
3/98,グレートスパイダー,supaida,92,310,5,95,
3/99,スーリヤ,su-riya,93,250,6,40,
3/100,ストラス,sutorasu,94,500,13,12,
3/101,シャクス,syakusu,93,423,3,74,
3/102,タレパン,tarepan,94,345,9,40,
3/103,天馬,tenma,95,100,8,250,
3/104,ウンディーネ,undhine,95,520,2,60,
3/106,ウルハーピー,uruha-pi-,96,150,3,200,
3/107,ウヴァル,uvaru,96,350,3,95,
3/108,ヴァルファーレ,varufo-re,98,500,4,100,
3/109,カタストロフ,katasutorohu,90,500,8,20,
3/109,クーガ,uni3,55,800,8,25,
3/109,カーシー,uni4,55,777,3,77,
3/109,ブラッディリッチ,lichem2,59,850,3,80,
3/109,ブラックミニリッチ,lichem3,59,750,3,100,