神薬,0,12,,30,HP･TPを完全回復,39,20,,,,,,,0,
神薬(10個),0,62,,250,HP･TPを完全回復,39,20,,,,,,,0,
体力の秘薬,0,12,,250,最大HPを10上げる,30,20,,,,,,,0,
力の秘薬,0,12,,250,STRを1上げる,31,20,,,,,,,0,
守りの秘薬,0,12,,250,ACを1上げる,32,20,,,,,,,0,
知力の秘薬,0,12,,250,INTを1上げる,34,20,,,,,,,0,
速さの秘薬,0,12,,250,AGIを1上げる,35,20,,,,,,,0,
丸薬,0,12,,330,最大TPを1上げる,37,20,,,,,,,0,
天龍丸薬,0,12,,2200,最大TPを10上げる,38,20,,,,,,,0,
復活の指輪,7,1,,200,一度死んでもHP半分で復活する《壊》,,,,,,,,,10,
息吹の指輪,7,1,,300,一度死んでもHP全快で復活する《壊》,,,,,,,,,10,
命の指輪,7,1,,400,一度死んでもHP.TP全快で復活する《壊》,,,,,,,,,10,
スキップリング,7,1,,1000,1度の戦闘で規定戦闘数が2減る,,,,,,,,,18,
ラックリング,7,1,,4000,福引券の獲得率アップ,,,,,,,,,10,
チャクラリング,7,1,,5800,戦闘終了後HP10％回復,,,,,,,,,30,
ゴールドカバーリング,7,1,,6500,死亡時にGoldが減らない,,,,,,,,,50,
ハイチャクラリング,7,1,,7000,戦闘終了後HP20％回復,,,,,,,,,60,
キャパシティリング,7,1,,7000,レベルアップ時のCPを30％UP,,,,,,,,,50,
ペットカバーリング,7,1,,7300,死亡時にペットが逃げない,,,,,,,,,60,
ダブルアタックリング,7,1,,10000,攻撃が連続攻撃になる,,,,,,,,,60,
秘伝書『鳳凰』,0,12,,13000,特技『鳳凰の舞』を習得できる,51,20,,,,,,,0,
秘伝書『聖魂』,0,12,,13000,特技『リバイブ』を習得できる,52,20,,,,,,,0,