ポーション,0,10,,60,HPを100回復,9,100,,,,,,,
ミドルポーション,0,12,,110,HPを300回復,9,300,,,,,,,
ハイポーション,0,11,,170,HPを700回復,9,700,,,,,,,
エクスポーション,0,12,,350,HPを1200回復,10,1200,,,,,,,,
メガエリクサー,0,12,,800,HPを1800回復,10,1800,,,,,,,,
ギガエリクサー,0,12,,1200,HPを2400回復,10,2400,,,,,,,,
テラエリクサー,0,12,,1800,HPを3000回復,10,3000,,,,,,,,
タブレットα,0,12,,500,TPを30回復,36,15,,,,,,,,
タブレットβ,0,12,,1200,TPを80回復,36,40,,,,,,,,
タブレットγ,0,12,,2000,TPを120回復,36,80,,,,,,,,
不思議な翼,0,20,,50,街へ瞬間移動,,,,,,,,,
ポーション(10個セット),0,50,,550,HPを100回復,9,100,,,,,,,
ミドルポーション(10個セット),0,52,,1000,HPを300回復,9,300,,,,,,,
ハイポーション(10個セット),0,51,,1500,HPを700回復,9,700,,,,,,,
エクスポーション(10個セット),0,54,,3300,HPを1200回復,9,1200,,,,,,,
メガエリクサー(10個セット),0,59,,7500,HPを1800回復,9,1800,,,,,,,
ギガエリクサー(10個セット),0,60,,11000,HPを2400回復,9,2400,,,,,,,
テラエリクサー(10個セット),0,61,,17000,HPを3000回復,9,3000,,,,,,,
タブレットα(10個セット),0,62,,4900,TPを30回復,9,15,,,,,,,
タブレットβ(10個セット),0,63,,11000,TPを80回復,9,40,,,,,,,
タブレットγ(10個セット),0,64,,19000,TPを120回復,9,80,,,,,,,
不思議な翼(10個セット),0,53,,450,街へ瞬間移動,,,,,,,,,
ダガー,1,1,dagger,20,DMG 1,0,1,,,,,,,
こん棒,1,3,konbou,120,DMG 3,0,3,,,,,,,
ロッド,1,1,rod,40,DMG 2,0,2,,,,,,,
ロングソード,1,2,long,340,DMG 4,0,4,,,,,,,
スピア,1,3,spear,200,DMG 5,0,5,,,,,,,
なべのフタ,2,2,nabe,60,AC 2,1,2,,,,,,,
紫水晶の杖,2,1,crystal,50, AC 1,1,1,,,,,,,
三角帽子,3,1,sankaku,40,AC 1,1,1,,,,,,,
綿のローブ,4,1,robe,150,AC 2,1,2,,,,,,,
サンダル,5,1,sandale,100,AC 2,1,2,,,,,,,
赤リストバンド,6,1,redband,70,AC 1,1,1,,,,,,,
レザーシールド,2,2,leather,350,AC 3,1,3,,,,,,,
レザーフード,3,2,leather,380,AC 2,1,2,,,,,,,
レザーチュニック,4,2,leather,500,AC 4,1,4,,,,,,,
レザーレッグス,5,2,leather,450,AC 3,1,3,,,,,,,
レザースリーブス,6,2,leather,400,AC 2,1,2,,,,,,,
ブロンズシールド,2,3,bronze,950,AC 5,1,5,,,,,,,
ブロンズヘルム,3,3,bronze,800,AC 4,1,4,,,,,,,
ブロンズチェスト,4,3,bronze,1000,AC 7,1,7,,,,,,,
ブロンズレッグス,5,3,bronze,900,AC 6,1,6,,,,,,,
ブロンズアームズ,6,3,bronze,700,AC 5,1,5,,,,,,,
アメジストリング,7,1,,100,STR +1,2,1,,,,,,,
静寂の指輪,7,1,,1500,AGI +1、CHA +1,3,1,5,1,,,,,
パールネックレス,8,1,,500,CHA +2,5,2,,,,,,,
儀式の首飾り,8,1,,3350,AC 1、INT +2、SVF +1,2,1,4,2,6,1,,,